<?xml version="1.0" encoding="UTF-8"?>
<testng-results skipped="0" failed="0" total="1" passed="1">
  <reporter-output>
  </reporter-output>
  <suite name="Suite" duration-ms="6080" started-at="2019-07-25T09:28:30Z" finished-at="2019-07-25T09:28:36Z">
    <groups>
    </groups>
    <test name="test1" duration-ms="6080" started-at="2019-07-25T09:28:30Z" finished-at="2019-07-25T09:28:36Z">
      <class name="seleniumLoginApplication.seleniumTest">
        <test-method status="PASS" signature="seleniumTest1()[pri:0, instance:seleniumLoginApplication.seleniumTest@4667ae56]" name="seleniumTest1" duration-ms="6057" started-at="2019-07-25T14:58:30Z" finished-at="2019-07-25T14:58:36Z">
          <reporter-output>
          </reporter-output>
        </test-method> <!-- seleniumTest1 -->
      </class> <!-- seleniumLoginApplication.seleniumTest -->
    </test> <!-- test1 -->
  </suite> <!-- Suite -->
</testng-results>
