<?xml version="1.0" encoding="UTF-8"?>
<testng-results skipped="0" failed="0" total="1" passed="1">
  <reporter-output>
  </reporter-output>
  <suite name="Suite" duration-ms="9884" started-at="2019-07-25T07:00:31Z" finished-at="2019-07-25T07:00:41Z">
    <groups>
    </groups>
    <test name="test1" duration-ms="9884" started-at="2019-07-25T07:00:31Z" finished-at="2019-07-25T07:00:41Z">
      <class name="seleniumLoginApplication.seleniumTest">
        <test-method status="PASS" signature="seleniumTest1()[pri:0, instance:seleniumLoginApplication.seleniumTest@4667ae56]" name="seleniumTest1" duration-ms="9816" started-at="2019-07-25T12:30:31Z" finished-at="2019-07-25T12:30:40Z">
          <reporter-output>
          </reporter-output>
        </test-method> <!-- seleniumTest1 -->
      </class> <!-- seleniumLoginApplication.seleniumTest -->
    </test> <!-- test1 -->
  </suite> <!-- Suite -->
</testng-results>
